#
# There is insufficient memory for the Java Runtime Environment to continue.
# Native memory allocation (malloc) failed to allocate 1048576 bytes for AllocateHeap
# Possible reasons:
#   The system is out of physical RAM or swap space
#   In 32 bit mode, the process size limit was hit
# Possible solutions:
#   Reduce memory load on the system
#   Increase physical memory or swap space
#   Check if swap backing store is full
#   Use 64 bit Java on a 64 bit OS
#   Decrease Java heap size (-Xmx/-Xms)
#   Decrease number of Java threads
#   Decrease Java thread stack sizes (-Xss)
#   Set larger code cache with -XX:ReservedCodeCacheSize=
# This output file may be truncated or incomplete.
#
#  Out of Memory Error (memory/allocation.inline.hpp:61), pid=21192, tid=0x0000000000006998
#
# JRE version:  (8.0) (build )
# Java VM: OpenJDK 64-Bit Server VM (25.71-b00 mixed mode windows-amd64 compressed oops)
# Failed to write core dump. Minidumps are not enabled by default on client versions of Windows
#

---------------  T H R E A D  ---------------

Current thread (0x0000000002783000):  JavaThread "Unknown thread" [_thread_in_vm, id=27032, stack(0x0000000002680000,0x0000000002780000)]

Stack: [0x0000000002680000,0x0000000002780000]
[error occurred during error reporting (printing stack bounds), id 0xc0000005]

Native frames: (J=compiled Java code, j=interpreted, Vv=VM code, C=native code)


---------------  P R O C E S S  ---------------

Java Threads: ( => current thread )

Other Threads:

=>0x0000000002783000 (exited) JavaThread "Unknown thread" [_thread_in_vm, id=27032, stack(0x0000000002680000,0x0000000002780000)]

VM state:not at safepoint (normal execution)

VM Mutex/Monitor currently owned by a thread: None

Heap:
 PSYoungGen      total 67072K, used 1157K [0x0000000775b00000, 0x000000077a580000, 0x00000007c0000000)
  eden space 57856K, 2% used [0x0000000775b00000,0x0000000775c21488,0x0000000779380000)
  from space 9216K, 0% used [0x0000000779c80000,0x0000000779c80000,0x000000077a580000)
  to   space 9216K, 0% used [0x0000000779380000,0x0000000779380000,0x0000000779c80000)
 ParOldGen       total 153088K, used 0K [0x00000006e1000000, 0x00000006ea580000, 0x0000000775b00000)
  object space 153088K, 0% used [0x00000006e1000000,0x00000006e1000000,0x00000006ea580000)
 Metaspace       used 777K, capacity 4480K, committed 4480K, reserved 1056768K
  class space    used 74K, capacity 384K, committed 384K, reserved 1048576K

Card table byte_map: [0x0000000011c40000,0x0000000012340000] byte_map_base: 0x000000000e538000

Marking Bits: (ParMarkBitMap*) 0x00000000516cbe50
 Begin Bits: [0x0000000012ff0000, 0x00000000167b0000)
 End Bits:   [0x00000000167b0000, 0x0000000019f70000)

Polling page: 0x0000000000d80000

CodeCache: size=245760Kb used=327Kb max_used=327Kb free=245432Kb
 bounds [0x0000000002880000, 0x0000000002af0000, 0x0000000011880000]
 total_blobs=56 nmethods=0 adapters=38
 compilation: enabled

Compilation events (0 events):
No events

GC Heap History (0 events):
No events

Deoptimization events (0 events):
No events

Classes redefined (0 events):
No events

Internal exceptions (0 events):
No events

Events (10 events):
Event: 0.017 loading class java/lang/Short
Event: 0.017 loading class java/lang/Short done
Event: 0.017 loading class java/lang/Integer
Event: 0.017 loading class java/lang/Integer done
Event: 0.017 loading class java/lang/Long
Event: 0.017 loading class java/lang/Long done
Event: 0.017 loading class java/lang/NullPointerException
Event: 0.017 loading class java/lang/NullPointerException done
Event: 0.017 loading class java/lang/ArithmeticException
Event: 0.017 loading class java/lang/ArithmeticException done


Dynamic libraries:
0x00007ff61e530000 - 0x00007ff61e565000 	C:\Program Files\Unity\Hub\Editor\2021.3.12f1\Editor\Data\PlaybackEngines\AndroidPlayer\OpenJDK\bin\java.exe
0x00007ffa4aef0000 - 0x00007ffa4b107000 	C:\Windows\SYSTEM32\ntdll.dll
0x00007ffa49c60000 - 0x00007ffa49d24000 	C:\Windows\System32\KERNEL32.DLL
0x00007ffa484a0000 - 0x00007ffa48846000 	C:\Windows\System32\KERNELBASE.dll
0x00007ffa49db0000 - 0x00007ffa49e63000 	C:\Windows\System32\ADVAPI32.dll
0x00007ffa4a690000 - 0x00007ffa4a737000 	C:\Windows\System32\msvcrt.dll
0x00007ffa4ade0000 - 0x00007ffa4ae88000 	C:\Windows\System32\sechost.dll
0x00007ffa48c10000 - 0x00007ffa48c38000 	C:\Windows\System32\bcrypt.dll
0x00007ffa49990000 - 0x00007ffa49aa7000 	C:\Windows\System32\RPCRT4.dll
0x00007ffa49e70000 - 0x00007ffa4a01e000 	C:\Windows\System32\USER32.dll
0x00007ffa48230000 - 0x00007ffa48256000 	C:\Windows\System32\win32u.dll
0x00007ffa4a020000 - 0x00007ffa4a049000 	C:\Windows\System32\GDI32.dll
0x00007ffa48260000 - 0x00007ffa48378000 	C:\Windows\System32\gdi32full.dll
0x00007ffa48400000 - 0x00007ffa4849a000 	C:\Windows\System32\msvcp_win.dll
0x00007ffa489c0000 - 0x00007ffa48ad1000 	C:\Windows\System32\ucrtbase.dll
0x00007ffa33b10000 - 0x00007ffa33da3000 	C:\Windows\WinSxS\amd64_microsoft.windows.common-controls_6595b64144ccf1df_6.0.22621.2506_none_270c5ae97388e100\COMCTL32.dll
0x00007ffa48c50000 - 0x00007ffa48c81000 	C:\Windows\System32\IMM32.DLL
0x0000000051750000 - 0x0000000051822000 	C:\Program Files\Unity\Hub\Editor\2021.3.12f1\Editor\Data\PlaybackEngines\AndroidPlayer\OpenJDK\jre\bin\msvcr100.dll
0x0000000050f00000 - 0x0000000051749000 	C:\Program Files\Unity\Hub\Editor\2021.3.12f1\Editor\Data\PlaybackEngines\AndroidPlayer\OpenJDK\jre\bin\server\jvm.dll
0x00007ffa4ae90000 - 0x00007ffa4ae98000 	C:\Windows\System32\PSAPI.DLL
0x00007ffa3f6b0000 - 0x00007ffa3f6e4000 	C:\Windows\SYSTEM32\WINMM.dll
0x00007ffa41bd0000 - 0x00007ffa41bda000 	C:\Windows\SYSTEM32\VERSION.dll
0x00007ffa436b0000 - 0x00007ffa436b9000 	C:\Windows\SYSTEM32\WSOCK32.dll
0x00007ffa4abc0000 - 0x00007ffa4ac31000 	C:\Windows\System32\WS2_32.dll
0x00007ffa2a060000 - 0x00007ffa2a06f000 	C:\Program Files\Unity\Hub\Editor\2021.3.12f1\Editor\Data\PlaybackEngines\AndroidPlayer\OpenJDK\jre\bin\verify.dll
0x00007ffa09860000 - 0x00007ffa09889000 	C:\Program Files\Unity\Hub\Editor\2021.3.12f1\Editor\Data\PlaybackEngines\AndroidPlayer\OpenJDK\jre\bin\java.dll
0x00007ffa29b70000 - 0x00007ffa29b86000 	C:\Program Files\Unity\Hub\Editor\2021.3.12f1\Editor\Data\PlaybackEngines\AndroidPlayer\OpenJDK\jre\bin\zip.dll

VM Arguments:
jvm_args: -Dfile.encoding=UTF-8 
java_command: <unknown>
java_class_path (initial): .
Launcher Type: SUN_STANDARD

Environment Variables:
JAVA_HOME=C:\Program Files\Unity\Hub\Editor\2021.3.12f1\Editor\Data\PlaybackEngines\AndroidPlayer\OpenJDK
JAVA_TOOL_OPTIONS=-Dfile.encoding=UTF-8
PATH=C:\Windows\system32;C:\Windows;C:\Windows\System32\Wbem;C:\Windows\System32\WindowsPowerShell\v1.0\;C:\Windows\System32\OpenSSH\;C:\Program Files\Git\cmd;C:\Program Files (x86)\NVIDIA Corporation\PhysX\Common;C:\Program Files\NVIDIA Corporation\NVIDIA NvDLISR;C:\Program Files\dotnet\;C:\Users\luong\AppData\Local\Microsoft\WindowsApps;C:\Users\luong\AppData\Local\GitHubDesktop\bin
USERNAME=luong
OS=Windows_NT
PROCESSOR_IDENTIFIER=AMD64 Family 23 Model 24 Stepping 1, AuthenticAMD



---------------  S Y S T E M  ---------------

OS: Windows 10.0 , 64 bit Build 22621 (10.0.22621.2506)

CPU:total 8 (initial active 8) (8 cores per cpu, 1 threads per core) family 23 model 24 stepping 1, cmov, cx8, fxsr, mmx, sse, sse2, sse3, ssse3, sse4.1, sse4.2, popcnt, avx, avx2, aes, clmul, mmxext, 3dnowpref, lzcnt, sse4a, tsc, tscinvbit, tscinv, bmi1

Memory: 4k page, physical 14614168k(5780792k free), swap 58654360k(6068k free)

vm_info: OpenJDK 64-Bit Server VM (25.71-b00) for windows-amd64 JRE (1.8.0-adoptopenjdk-_2018_05_19_00_59-b00), built on May 19 2018 01:02:12 by "jenkins" with MS VC++ 10.0 (VS2010)

time: Thu Feb 01 09:25:00 2024
elapsed time: 0 seconds (0d 0h 0m 0s)

